05-02 23:27:50.822  9910 23227 I AppLocaleUtil: Can display preference - [com.prirai.android.nira] : isDisallowedPackage : false / isSignedWithPlatformKey : false / hasLauncherEntry : true / canDisplay : false / 1.1
05-02 23:27:51.233  1832  3741 D LauncherAppsService: getActivityLaunchIntent callingPackage=com.android.systemui component=ComponentInfo{com.prirai.android.nira/com.prirai.android.nira.BrowserActivity} user=UserHandle{0}
05-02 23:27:51.363  9910 23228 D AppBatteryPresenter: 	package:com.prirai.android.nira|com.prirai.android.nira uid:10437 userId:0
05-02 23:27:54.758  1832  4805 V ActivityTaskManager: TaskLaunchParamsModifier: phase=3 task=Task{4c2e3af #4731 type=standard A=10437:com.prirai.android.nira} activity=ActivityRecord{265559950 u0 com.prirai.android.nira/.BrowserActivity t-1} display-from-option=0 display-id=0 task-display-area-windowing-mode=1 suggested-display-area=DefaultTaskDisplayArea@131105720 inherit-from-source=fullscreen non-freeform-task-display-area display-area=DefaultTaskDisplayArea@131105720 default-portrait freeform-size-mismatch=Rect(276, 696 - 805, 1776)
05-02 23:27:54.758  1832  4805 I ActivityTaskManager: START u0 {act=android.intent.action.MAIN cat=[android.intent.category.LAUNCHER] flg=0x10200000 xflg=0x4 pkg=com.prirai.android.nira cmp=com.prirai.android.nira/.BrowserActivity bnds=[669,1928][819,2097]} with LAUNCH_SINGLE_TASK from uid 10207 (com.google.android.apps.nexuslauncher) (sr=173637615) (BAL_ALLOW_VISIBLE_WINDOW) result code=0
05-02 23:27:54.758  2276  2307 V WindowManagerShell: Transition requested (#1619): android.os.BinderProxy@7defa89 TransitionRequestInfo { type = OPEN, triggerTask = TaskInfo{userId=0 taskId=4731 effectiveUid=10437 displayId=0 isRunning=true baseIntent=Intent { act=android.intent.action.MAIN cat=[android.intent.category.LAUNCHER] flg=0x10200000 pkg=com.prirai.android.nira cmp=com.prirai.android.nira/.BrowserActivity } baseActivity=ComponentInfo{com.prirai.android.nira/com.prirai.android.nira.BrowserActivity} topActivity=ComponentInfo{com.prirai.android.nira/com.prirai.android.nira.BrowserActivity} origActivity=null realActivity=ComponentInfo{com.prirai.android.nira/com.prirai.android.nira.BrowserActivity} realActivityIsAppLockEnabled=false numActivities=1 lastActiveTime=83123065 supportsMultiWindow=true resizeMode=2 isResizeable=true minWidth=-1 minHeight=-1 defaultMinSize=220 token=WCT{android.os.BinderProxy@93c9a8e} topActivityType=1 pictureInPictureParams=null shouldDockBigOverlays=false launchIntoPipHostTaskId=-1 lastParentTaskIdBeforePip=-1 displayCutoutSafeInsets=Rect(0, 136 - 0, 0) topActivityInfo=ActivityInfo{db942af com.prirai.android.nira.BrowserActivity} launchCookies=[android.os.BinderProxy@c8ce6bc] positionInParent=Point(0, 0) parentTaskId=-1 isFocused=false isVisible=false isVisibleRequested=false isTopActivityNoDisplay=false isSleeping=false locusId=null displayAreaFeatureId=1 isTopActivityTransparent=false isActivityStackTransparent=false lastNonFullscreenBounds=Rect(276, 696 - 805, 1776) leafTaskBoundsFromOptions= false capturedLink=null capturedLinkTimestamp=0 requestedVisibleTypes=503 topActivityRequestOpenInBrowserEducationTimestamp=0 appCompatTaskInfo=AppCompatTaskInfo { topActivityInSizeCompat=false isLeafTask= true eligibleForLetterboxEducation= false isLetterboxEducationEnabled= false isLetterboxDoubleTapEnabled= false eligibleForUserAspectRatioButton= false topActivityBoundsLetterboxed= false isFromLetterboxDoubleTap= false topActivityLetterboxVerticalPosition= -1 topActivityLetterboxHorizontalPosition= -1 topActivityLetterboxWidth=-1 topActivityLetterboxHeight=-1 topActivityAppBounds=Rect(0, 0 - 1080, 2400) isUserFullscreenOverrideEnabled=false isSystemFullscreenOverrideEnabled=false hasMinAspectRatioOverride=false topActivityLetterboxBounds=null topNonResizableActivityAspectRatio=-1.0} topActivityMainWindowFrame=null isAppBubble=false}, pipChange = null, remoteTransitionInfo = RemoteTransitionInfo { remoteTransition = android.window.IRemoteTransition$Stub$Proxy@7b3b645, debugName = QuickstepLaunch }, displayChange = null, requestedLocation = null, userChange = null, windowingLayerChange = null, fullscreenRequestChange = null, flags = 0, debugId = 1619 }
05-02 23:27:54.769  1832  1908 I ActivityManager: Start proc 23265:com.prirai.android.nira/u0a437 for next-top-activity {com.prirai.android.nira/com.prirai.android.nira.BrowserActivity}
05-02 23:27:54.779  1832  1894 V WindowManager: Sent Transition (#1619) createdAt=05-02 23:27:54.751 via request=TransitionRequestInfo { type = OPEN, triggerTask = TaskInfo{userId=0 taskId=4731 effectiveUid=10437 displayId=0 isRunning=true baseIntent=Intent { act=android.intent.action.MAIN cat=[android.intent.category.LAUNCHER] flg=0x10200000 pkg=com.prirai.android.nira cmp=com.prirai.android.nira/.BrowserActivity } baseActivity=ComponentInfo{com.prirai.android.nira/com.prirai.android.nira.BrowserActivity} topActivity=ComponentInfo{com.prirai.android.nira/com.prirai.android.nira.BrowserActivity} origActivity=null realActivity=ComponentInfo{com.prirai.android.nira/com.prirai.android.nira.BrowserActivity} realActivityIsAppLockEnabled=false numActivities=1 lastActiveTime=83123065 supportsMultiWindow=true resizeMode=2 isResizeable=true minWidth=-1 minHeight=-1 defaultMinSize=220 token=WCT{RemoteToken{5e2bc0 Task{4c2e3af #4731 type=standard A=10437:com.prirai.android.nira}}} topActivityType=1 pictureInPictureParams=null shouldDockBigOverlays=false launchIntoPipHostTaskId=-1 lastParentTaskIdBeforePip=-1 displayCutoutSafeInsets=Rect(0, 136 - 0, 0) topActivityInfo=ActivityInfo{fed50f9 com.prirai.android.nira.BrowserActivity} launchCookies=[android.os.BinderProxy@4d883e] positionInParent=Point(0, 0) parentTaskId=-1 isFocused=false isVisible=false isVisibleRequested=false isTopActivityNoDisplay=false isSleeping=false locusId=null displayAreaFeatureId=1 isTopActivityTransparent=false isActivityStackTransparent=false lastNonFullscreenBounds=Rect(276, 696 - 805, 1776) leafTaskBoundsFromOptions= false capturedLink=null capturedLinkTimestamp=0 requestedVisibleTypes=503 topActivityRequestOpenInBrowserEducationTimestamp=0 appCompatTaskInfo=AppCompatTaskInfo { topActivityInSizeCompat=false isLeafTask= true eligibleForLetterboxEducation= false isLetterboxEducationEnabled= false isLetterboxDoubleTapEnabled= false eligibleForUserAspectRatioButton= false topActivityBoundsLetterboxed= false isFromLetterboxDoubleTap= false topActivityLetterboxVerticalPosition= -1 topActivityLetterboxHorizontalPosition= -1 topActivityLetterboxWidth=-1 topActivityLetterboxHeight=-1 topActivityAppBounds=Rect(0, 0 - 1080, 2400) isUserFullscreenOverrideEnabled=false isSystemFullscreenOverrideEnabled=false hasMinAspectRatioOverride=false topActivityLetterboxBounds=null topNonResizableActivityAspectRatio=-1.0} topActivityMainWindowFrame=null isAppBubble=false}, pipChange = null, remoteTransitionInfo = RemoteTransitionInfo { remoteTransition = android.window.IRemoteTransition$Stub$Proxy@e7a169f, debugName = QuickstepLaunch }, displayChange = null, requestedLocation = null, userChange = null, windowingLayerChange = null, fullscreenRequestChange = null, flags = 0, debugId = 1619 }
05-02 23:27:54.779  1832  1894 V WindowManager:         {WCT{RemoteToken{5e2bc0 Task{4c2e3af #4731 type=standard A=10437:com.prirai.android.nira}}} m=OPEN f=NONE leash=Surface(name=Task=4731#16526)/@0x7b6ef2 sb=Rect(0, 0 - 1080, 2400) eb=Rect(0, 0 - 1080, 2400) epz=Point(1080, 2400) d=0 taskParent=-1 winMode=1 userId=0},
05-02 23:27:54.780 23265 23265 I Zygote  : Process 23265 created for com.prirai.android.nira
05-02 23:27:54.841 23265 23265 D nativeloader: Configuring clns-9 for other apk /data/app/~~FczPIT-y9u7QY5LAomUDow==/com.prirai.android.nira-DfOqFUuhcdJjGqdzzR4E5g==/base.apk. target_sdk_version=36, uses_libraries=, library_path=/data/app/~~FczPIT-y9u7QY5LAomUDow==/com.prirai.android.nira-DfOqFUuhcdJjGqdzzR4E5g==/lib/arm64:/data/app/~~FczPIT-y9u7QY5LAomUDow==/com.prirai.android.nira-DfOqFUuhcdJjGqdzzR4E5g==/base.apk!/lib/arm64-v8a, permitted_path=/data:/mnt/expand:/data/user/0/com.prirai.android.nira
05-02 23:27:54.858 23265 23265 V GraphicsEnvironment: com.prirai.android.nira is not listed in per-application setting
05-02 23:27:54.882 23265 23265 D nativeloader: Load /data/app/~~FczPIT-y9u7QY5LAomUDow==/com.prirai.android.nira-DfOqFUuhcdJjGqdzzR4E5g==/lib/arm64/libcrashhelper.so using class loader ns clns-9 (caller=/data/app/~~FczPIT-y9u7QY5LAomUDow==/com.prirai.android.nira-DfOqFUuhcdJjGqdzzR4E5g==/base.apk!classes2.dex): ok
05-02 23:27:54.883  1832  5865 D ActivityManager: sync unfroze 12912 com.prirai.android.nira:crashhelper for 6
05-02 23:27:54.884 23265 23286 D nativeloader: Load /data/app/~~FczPIT-y9u7QY5LAomUDow==/com.prirai.android.nira-DfOqFUuhcdJjGqdzzR4E5g==/lib/arm64/libmozglue.so using class loader ns clns-9 (caller=/data/app/~~FczPIT-y9u7QY5LAomUDow==/com.prirai.android.nira-DfOqFUuhcdJjGqdzzR4E5g==/base.apk!classes2.dex): ok
05-02 23:27:54.988 23265 23301 D vulkan  : searching for layers in '/data/app/~~FczPIT-y9u7QY5LAomUDow==/com.prirai.android.nira-DfOqFUuhcdJjGqdzzR4E5g==/lib/arm64'
05-02 23:27:54.989 23265 23301 D vulkan  : searching for layers in '/data/app/~~FczPIT-y9u7QY5LAomUDow==/com.prirai.android.nira-DfOqFUuhcdJjGqdzzR4E5g==/base.apk!/lib/arm64-v8a'
05-02 23:27:54.995 23265 23302 D nativeloader: Load /data/app/~~FczPIT-y9u7QY5LAomUDow==/com.prirai.android.nira-DfOqFUuhcdJjGqdzzR4E5g==/lib/arm64/libjnidispatch.so using class loader ns clns-9 (caller=/data/app/~~FczPIT-y9u7QY5LAomUDow==/com.prirai.android.nira-DfOqFUuhcdJjGqdzzR4E5g==/base.apk): ok
05-02 23:27:55.060  1832  3380 D CoreBackPreview: Window{5623c7c u0 com.prirai.android.nira/com.prirai.android.nira.BrowserActivity}: Setting back callback OnBackInvokedCallbackInfo{mCallback=android.window.IOnBackInvokedCallback$Stub$Proxy@c839f14, mPriority=-1, mIsAnimationCallback=false, mOverrideBehavior=0}
05-02 23:27:55.061  1832  3380 D CoreBackPreview: Window{5623c7c u0 com.prirai.android.nira/com.prirai.android.nira.BrowserActivity}: Setting back callback OnBackInvokedCallbackInfo{mCallback=android.window.IOnBackInvokedCallback$Stub$Proxy@bfb03bd, mPriority=0, mIsAnimationCallback=true, mOverrideBehavior=0}
05-02 23:27:55.112 23265 23265 W com.prirai.android.nira: type=1400 audit(0.0:22560): avc:  denied  { bind } for  comm=4E65746C696E6B204D6F6E69746F72 scontext=u:r:untrusted_app:s0:c181,c257,c512,c768 tcontext=u:r:untrusted_app:s0:c181,c257,c512,c768 tclass=netlink_route_socket permissive=0 bug=b/155595000 app=com.prirai.android.nira
05-02 23:27:55.141  1832  1894 I ActivityTaskManager: Displayed com.prirai.android.nira/.BrowserActivity for user 0: +390ms
05-02 23:27:55.207  1832  1908 I ActivityManager: Start proc 23347:com.prirai.android.nira:tab25/u0a437 for service {com.prirai.android.nira/org.mozilla.gecko.process.GeckoChildProcessServices$tab25}
05-02 23:27:55.212  1832  2119 I ImeTracker: com.prirai.android.nira:b4d6fd92: onRequestHide at ORIGIN_SERVER reason HIDE_UNSPECIFIED_WINDOW fromUser false userId 0 displayId 0
05-02 23:27:55.214 23347 23347 I Zygote  : Process 23347 created for com.prirai.android.nira:tab25
05-02 23:27:55.216 13776 13776 I GoogleInputMethodService: GoogleInputMethodService.onStartInput():1446 onStartInput(EditorInfo{EditorInfo{packageName=com.prirai.android.nira, inputType=0, inputTypeString=NULL, enableLearning=false, autoCorrection=false, autoComplete=false, imeOptions=0, privateImeOptions=null, actionName=UNSPECIFIED, actionLabel=null, initialSelStart=-1, initialSelEnd=-1, initialCapsMode=0, label=null, fieldId=0, fieldName=null, extras=null, hintText=null, hintLocales=[]}}, false)
05-02 23:27:55.216  1832  5865 W PackageConfigPersister: App-specific configuration not found for packageName: com.prirai.android.nira and userId: 0
05-02 23:27:55.228 23265 23265 I ImeTracker: com.prirai.android.nira:b4d6fd92: onCancelled at PHASE_CLIENT_ALREADY_HIDDEN
05-02 23:27:55.250 23347 23347 D nativeloader: Configuring clns-9 for other apk /data/app/~~FczPIT-y9u7QY5LAomUDow==/com.prirai.android.nira-DfOqFUuhcdJjGqdzzR4E5g==/base.apk. target_sdk_version=36, uses_libraries=, library_path=/data/app/~~FczPIT-y9u7QY5LAomUDow==/com.prirai.android.nira-DfOqFUuhcdJjGqdzzR4E5g==/lib/arm64:/data/app/~~FczPIT-y9u7QY5LAomUDow==/com.prirai.android.nira-DfOqFUuhcdJjGqdzzR4E5g==/base.apk!/lib/arm64-v8a, permitted_path=/data:/mnt/expand:/data/user/0/com.prirai.android.nira
05-02 23:27:55.258 23347 23347 V GraphicsEnvironment: com.prirai.android.nira is not listed in per-application setting
05-02 23:27:55.362  1832  5865 W ActivityManager: Receiver with filter android.content.IntentFilter@cdc8ce3 already registered for pid 23265, callerPackage is com.prirai.android.nira
05-02 23:27:55.477  1832  1908 I ActivityManager: Start proc 23392:com.prirai.android.nira:gpu/u0a437 for service {com.prirai.android.nira/org.mozilla.gecko.process.GeckoChildProcessServices$gpu}
05-02 23:27:55.499 23392 23392 I Zygote  : Process 23392 created for com.prirai.android.nira:gpu
05-02 23:27:55.563 23392 23392 D nativeloader: Configuring clns-9 for other apk /data/app/~~FczPIT-y9u7QY5LAomUDow==/com.prirai.android.nira-DfOqFUuhcdJjGqdzzR4E5g==/base.apk. target_sdk_version=36, uses_libraries=, library_path=/data/app/~~FczPIT-y9u7QY5LAomUDow==/com.prirai.android.nira-DfOqFUuhcdJjGqdzzR4E5g==/lib/arm64:/data/app/~~FczPIT-y9u7QY5LAomUDow==/com.prirai.android.nira-DfOqFUuhcdJjGqdzzR4E5g==/base.apk!/lib/arm64-v8a, permitted_path=/data:/mnt/expand:/data/user/0/com.prirai.android.nira
05-02 23:27:55.571 23392 23392 V GraphicsEnvironment: com.prirai.android.nira is not listed in per-application setting
05-02 23:27:55.585 23392 23417 D nativeloader: Load /data/app/~~FczPIT-y9u7QY5LAomUDow==/com.prirai.android.nira-DfOqFUuhcdJjGqdzzR4E5g==/lib/arm64/libmozglue.so using class loader ns clns-9 (caller=/data/app/~~FczPIT-y9u7QY5LAomUDow==/com.prirai.android.nira-DfOqFUuhcdJjGqdzzR4E5g==/base.apk!classes2.dex): ok
05-02 23:27:55.641 23347 23364 D nativeloader: Load /data/app/~~FczPIT-y9u7QY5LAomUDow==/com.prirai.android.nira-DfOqFUuhcdJjGqdzzR4E5g==/lib/arm64/libmozglue.so using class loader ns clns-9 (caller=/data/app/~~FczPIT-y9u7QY5LAomUDow==/com.prirai.android.nira-DfOqFUuhcdJjGqdzzR4E5g==/base.apk!classes2.dex): ok
05-02 23:27:55.742  1832  1908 I ActivityManager: Start proc 23472:com.prirai.android.nira:tab8/u0a437 for service {com.prirai.android.nira/org.mozilla.gecko.process.GeckoChildProcessServices$tab8}
05-02 23:27:55.761 23472 23472 I Zygote  : Process 23472 created for com.prirai.android.nira:tab8
05-02 23:27:55.810 23472 23472 D nativeloader: Configuring clns-9 for other apk /data/app/~~FczPIT-y9u7QY5LAomUDow==/com.prirai.android.nira-DfOqFUuhcdJjGqdzzR4E5g==/base.apk. target_sdk_version=36, uses_libraries=, library_path=/data/app/~~FczPIT-y9u7QY5LAomUDow==/com.prirai.android.nira-DfOqFUuhcdJjGqdzzR4E5g==/lib/arm64:/data/app/~~FczPIT-y9u7QY5LAomUDow==/com.prirai.android.nira-DfOqFUuhcdJjGqdzzR4E5g==/base.apk!/lib/arm64-v8a, permitted_path=/data:/mnt/expand:/data/user/0/com.prirai.android.nira
05-02 23:27:55.815 23472 23472 V GraphicsEnvironment: com.prirai.android.nira is not listed in per-application setting
05-02 23:27:55.829 23472 23487 D nativeloader: Load /data/app/~~FczPIT-y9u7QY5LAomUDow==/com.prirai.android.nira-DfOqFUuhcdJjGqdzzR4E5g==/lib/arm64/libmozglue.so using class loader ns clns-9 (caller=/data/app/~~FczPIT-y9u7QY5LAomUDow==/com.prirai.android.nira-DfOqFUuhcdJjGqdzzR4E5g==/base.apk!classes2.dex): ok
05-02 23:27:56.675  1832  1908 I ActivityManager: Start proc 23557:com.prirai.android.nira:tab2/u0a437 for service {com.prirai.android.nira/org.mozilla.gecko.process.GeckoChildProcessServices$tab2}
05-02 23:27:56.704 23557 23557 I Zygote  : Process 23557 created for com.prirai.android.nira:tab2
05-02 23:27:56.746 23557 23557 D nativeloader: Configuring clns-9 for other apk /data/app/~~FczPIT-y9u7QY5LAomUDow==/com.prirai.android.nira-DfOqFUuhcdJjGqdzzR4E5g==/base.apk. target_sdk_version=36, uses_libraries=, library_path=/data/app/~~FczPIT-y9u7QY5LAomUDow==/com.prirai.android.nira-DfOqFUuhcdJjGqdzzR4E5g==/lib/arm64:/data/app/~~FczPIT-y9u7QY5LAomUDow==/com.prirai.android.nira-DfOqFUuhcdJjGqdzzR4E5g==/base.apk!/lib/arm64-v8a, permitted_path=/data:/mnt/expand:/data/user/0/com.prirai.android.nira
05-02 23:27:56.754 23557 23557 V GraphicsEnvironment: com.prirai.android.nira is not listed in per-application setting
05-02 23:27:56.767 23557 23570 D nativeloader: Load /data/app/~~FczPIT-y9u7QY5LAomUDow==/com.prirai.android.nira-DfOqFUuhcdJjGqdzzR4E5g==/lib/arm64/libmozglue.so using class loader ns clns-9 (caller=/data/app/~~FczPIT-y9u7QY5LAomUDow==/com.prirai.android.nira-DfOqFUuhcdJjGqdzzR4E5g==/base.apk!classes2.dex): ok
05-02 23:27:57.830  1832  5865 D CoreBackPreview: Window{b23ad82 u0 com.prirai.android.nira/com.prirai.android.nira.BrowserActivity}: Setting back callback OnBackInvokedCallbackInfo{mCallback=android.window.IOnBackInvokedCallback$Stub$Proxy@98aec85, mPriority=-1, mIsAnimationCallback=false, mOverrideBehavior=0}
05-02 23:27:58.002  1832  2119 I ImeTracker: com.prirai.android.nira:19292fcf: onRequestHide at ORIGIN_SERVER reason HIDE_UNSPECIFIED_WINDOW fromUser false userId 0 displayId 0
05-02 23:27:58.004 23265 23265 I ImeTracker: com.prirai.android.nira:19292fcf: onCancelled at PHASE_CLIENT_ALREADY_HIDDEN
05-02 23:27:58.005 13776 13776 I GoogleInputMethodService: GoogleInputMethodService.onStartInput():1446 onStartInput(EditorInfo{EditorInfo{packageName=com.prirai.android.nira, inputType=0, inputTypeString=NULL, enableLearning=false, autoCorrection=false, autoComplete=false, imeOptions=0, privateImeOptions=null, actionName=UNSPECIFIED, actionLabel=null, initialSelStart=-1, initialSelEnd=-1, initialCapsMode=0, label=null, fieldId=0, fieldName=null, extras=null, hintText=null, hintLocales=[]}}, false)
05-02 23:27:58.006  1832  3388 W PackageConfigPersister: App-specific configuration not found for packageName: com.prirai.android.nira and userId: 0
05-02 23:27:58.804 23265 23265 I ImeTracker: com.prirai.android.nira:3c8a2d74: onRequestHide at ORIGIN_CLIENT reason HIDE_SOFT_INPUT fromUser false userId 0 displayId 0
05-02 23:27:58.805 23265 23265 I ImeTracker: com.prirai.android.nira:3c8a2d74: onFailed at PHASE_CLIENT_VIEW_SERVED
05-02 23:27:58.829  1832  3380 D CoreBackPreview: Window{b23ad82 u0 com.prirai.android.nira/com.prirai.android.nira.BrowserActivity}: Setting back callback null
05-02 23:27:58.884  1832  2119 I ImeTracker: com.prirai.android.nira:45ecb68: onRequestHide at ORIGIN_SERVER reason HIDE_UNSPECIFIED_WINDOW fromUser false userId 0 displayId 0
05-02 23:27:58.885 23265 23265 I ImeTracker: com.prirai.android.nira:45ecb68: onCancelled at PHASE_CLIENT_ALREADY_HIDDEN
05-02 23:27:58.887 13776 13776 I GoogleInputMethodService: GoogleInputMethodService.onStartInput():1446 onStartInput(EditorInfo{EditorInfo{packageName=com.prirai.android.nira, inputType=0, inputTypeString=NULL, enableLearning=false, autoCorrection=false, autoComplete=false, imeOptions=0, privateImeOptions=null, actionName=UNSPECIFIED, actionLabel=null, initialSelStart=-1, initialSelEnd=-1, initialCapsMode=0, label=null, fieldId=0, fieldName=null, extras=null, hintText=null, hintLocales=[]}}, false)
05-02 23:27:58.888  1832  3380 W PackageConfigPersister: App-specific configuration not found for packageName: com.prirai.android.nira and userId: 0
05-02 23:27:59.865  1832  1908 I ActivityManager: Start proc 23613:com.prirai.android.nira:tab23/u0a437 for service {com.prirai.android.nira/org.mozilla.gecko.process.GeckoChildProcessServices$tab23}
05-02 23:27:59.888 23613 23613 I Zygote  : Process 23613 created for com.prirai.android.nira:tab23
05-02 23:27:59.937  1832  3380 D CoreBackPreview: Window{b0f0919 u0 com.prirai.android.nira/com.prirai.android.nira.BrowserActivity}: Setting back callback OnBackInvokedCallbackInfo{mCallback=android.window.IOnBackInvokedCallback$Stub$Proxy@48fc251, mPriority=-1, mIsAnimationCallback=false, mOverrideBehavior=0}
05-02 23:27:59.942 23613 23613 D nativeloader: Configuring clns-9 for other apk /data/app/~~FczPIT-y9u7QY5LAomUDow==/com.prirai.android.nira-DfOqFUuhcdJjGqdzzR4E5g==/base.apk. target_sdk_version=36, uses_libraries=, library_path=/data/app/~~FczPIT-y9u7QY5LAomUDow==/com.prirai.android.nira-DfOqFUuhcdJjGqdzzR4E5g==/lib/arm64:/data/app/~~FczPIT-y9u7QY5LAomUDow==/com.prirai.android.nira-DfOqFUuhcdJjGqdzzR4E5g==/base.apk!/lib/arm64-v8a, permitted_path=/data:/mnt/expand:/data/user/0/com.prirai.android.nira
05-02 23:27:59.950 23613 23613 V GraphicsEnvironment: com.prirai.android.nira is not listed in per-application setting
05-02 23:27:59.966 23613 23628 D nativeloader: Load /data/app/~~FczPIT-y9u7QY5LAomUDow==/com.prirai.android.nira-DfOqFUuhcdJjGqdzzR4E5g==/lib/arm64/libmozglue.so using class loader ns clns-9 (caller=/data/app/~~FczPIT-y9u7QY5LAomUDow==/com.prirai.android.nira-DfOqFUuhcdJjGqdzzR4E5g==/base.apk!classes2.dex): ok
05-02 23:28:00.005  1832  2119 I ImeTracker: com.prirai.android.nira:56d3e0da: onRequestHide at ORIGIN_SERVER reason HIDE_UNSPECIFIED_WINDOW fromUser false userId 0 displayId 0
05-02 23:28:00.006 23265 23265 I ImeTracker: com.prirai.android.nira:56d3e0da: onCancelled at PHASE_CLIENT_ALREADY_HIDDEN
05-02 23:28:00.008 13776 13776 I GoogleInputMethodService: GoogleInputMethodService.onStartInput():1446 onStartInput(EditorInfo{EditorInfo{packageName=com.prirai.android.nira, inputType=0, inputTypeString=NULL, enableLearning=false, autoCorrection=false, autoComplete=false, imeOptions=0, privateImeOptions=null, actionName=UNSPECIFIED, actionLabel=null, initialSelStart=-1, initialSelEnd=-1, initialCapsMode=0, label=null, fieldId=0, fieldName=null, extras=null, hintText=null, hintLocales=[]}}, false)
05-02 23:28:00.014  1832  3380 W PackageConfigPersister: App-specific configuration not found for packageName: com.prirai.android.nira and userId: 0
05-02 23:28:00.591  1832  3388 D CoreBackPreview: Window{b0f0919 u0 com.prirai.android.nira/com.prirai.android.nira.BrowserActivity}: Setting back callback null
05-02 23:28:00.647  1832  2119 I ImeTracker: com.prirai.android.nira:7a6cb5bf: onRequestHide at ORIGIN_SERVER reason HIDE_UNSPECIFIED_WINDOW fromUser false userId 0 displayId 0
05-02 23:28:00.650 13776 13776 I GoogleInputMethodService: GoogleInputMethodService.onStartInput():1446 onStartInput(EditorInfo{EditorInfo{packageName=com.prirai.android.nira, inputType=0, inputTypeString=NULL, enableLearning=false, autoCorrection=false, autoComplete=false, imeOptions=0, privateImeOptions=null, actionName=UNSPECIFIED, actionLabel=null, initialSelStart=-1, initialSelEnd=-1, initialCapsMode=0, label=null, fieldId=0, fieldName=null, extras=null, hintText=null, hintLocales=[]}}, false)
05-02 23:28:00.652  1832  3380 W PackageConfigPersister: App-specific configuration not found for packageName: com.prirai.android.nira and userId: 0
05-02 23:28:00.654 23265 23265 I ImeTracker: com.prirai.android.nira:7a6cb5bf: onCancelled at PHASE_CLIENT_ALREADY_HIDDEN
05-02 23:28:01.442  1832  3380 D CoreBackPreview: Window{69ee784 u0 com.prirai.android.nira/com.prirai.android.nira.BrowserActivity}: Setting back callback OnBackInvokedCallbackInfo{mCallback=android.window.IOnBackInvokedCallback$Stub$Proxy@c39a31c, mPriority=-1, mIsAnimationCallback=false, mOverrideBehavior=0}
05-02 23:28:01.521  1832  2119 I ImeTracker: com.prirai.android.nira:bf84f5c8: onRequestHide at ORIGIN_SERVER reason HIDE_UNSPECIFIED_WINDOW fromUser false userId 0 displayId 0
05-02 23:28:01.522 23265 23265 I ImeTracker: com.prirai.android.nira:bf84f5c8: onCancelled at PHASE_CLIENT_ALREADY_HIDDEN
05-02 23:28:01.525 13776 13776 I GoogleInputMethodService: GoogleInputMethodService.onStartInput():1446 onStartInput(EditorInfo{EditorInfo{packageName=com.prirai.android.nira, inputType=0, inputTypeString=NULL, enableLearning=false, autoCorrection=false, autoComplete=false, imeOptions=0, privateImeOptions=null, actionName=UNSPECIFIED, actionLabel=null, initialSelStart=-1, initialSelEnd=-1, initialCapsMode=0, label=null, fieldId=0, fieldName=null, extras=null, hintText=null, hintLocales=[]}}, false)
05-02 23:28:01.527  1832  5865 W PackageConfigPersister: App-specific configuration not found for packageName: com.prirai.android.nira and userId: 0
05-02 23:28:03.100  1832  1863 I ActivityManager: Process com.prirai.android.nira:tab2 (pid 23557) has died: fg  SVC 
05-02 23:28:04.253 23265 23265 I ImeTracker: com.prirai.android.nira:a94386dd: onRequestHide at ORIGIN_CLIENT reason HIDE_SOFT_INPUT fromUser false userId 0 displayId 0
05-02 23:28:04.253 23265 23265 I ImeTracker: com.prirai.android.nira:a94386dd: onFailed at PHASE_CLIENT_VIEW_SERVED
05-02 23:28:04.269  1832  1863 D CoreBackPreview: Window{69ee784 u0 com.prirai.android.nira/com.prirai.android.nira.BrowserActivity}: Setting back callback null
05-02 23:28:04.278 23265 23265 D AndroidRuntime: Shutting down VM
05-02 23:28:04.279 23265 23265 E AndroidRuntime: FATAL EXCEPTION: main
05-02 23:28:04.279 23265 23265 E AndroidRuntime: Process: com.prirai.android.nira, PID: 23265
05-02 23:28:04.279 23265 23265 E AndroidRuntime: java.lang.NullPointerException: Attempt to invoke virtual method 'java.lang.Class java.lang.Object.getClass()' on a null object reference
05-02 23:28:04.279 23265 23265 E AndroidRuntime: 	at com.prirai.android.nira.BaseBrowserFragment.getBinding(r8-map-id-2b8c637492ecbbe19cd233ec42ea0fe21d84919ebfeae2312e72a3f3e2f1e80a:3)
05-02 23:28:04.279 23265 23265 E AndroidRuntime: 	at com.prirai.android.nira.BaseBrowserFragment.initializeEngineView$lambda$0(r8-map-id-2b8c637492ecbbe19cd233ec42ea0fe21d84919ebfeae2312e72a3f3e2f1e80a:11)
05-02 23:28:04.279 23265 23265 E AndroidRuntime: 	at com.prirai.android.nira.BaseBrowserFragment.o(r8-map-id-2b8c637492ecbbe19cd233ec42ea0fe21d84919ebfeae2312e72a3f3e2f1e80a:1)
05-02 23:28:04.279 23265 23265 E AndroidRuntime: 	at ch0.run(r8-map-id-2b8c637492ecbbe19cd233ec42ea0fe21d84919ebfeae2312e72a3f3e2f1e80a:40)
05-02 23:28:04.279 23265 23265 E AndroidRuntime: 	at android.os.Handler.handleCallback(Handler.java:1095)
05-02 23:28:04.279 23265 23265 E AndroidRuntime: 	at android.os.Handler.dispatchMessageImpl(Handler.java:135)
05-02 23:28:04.279 23265 23265 E AndroidRuntime: 	at android.os.Handler.dispatchMessage(Handler.java:125)
05-02 23:28:04.279 23265 23265 E AndroidRuntime: 	at android.os.Looper.loopOnce(Looper.java:269)
05-02 23:28:04.279 23265 23265 E AndroidRuntime: 	at android.os.Looper.loop(Looper.java:367)
05-02 23:28:04.279 23265 23265 E AndroidRuntime: 	at android.app.ActivityThread.main(ActivityThread.java:9333)
05-02 23:28:04.279 23265 23265 E AndroidRuntime: 	at java.lang.reflect.Method.invoke(Native Method)
05-02 23:28:04.279 23265 23265 E AndroidRuntime: 	at com.android.internal.os.RuntimeInit$MethodAndArgsCaller.run(RuntimeInit.java:566)
05-02 23:28:04.279 23265 23265 E AndroidRuntime: 	at com.android.internal.os.ZygoteInit.main(ZygoteInit.java:929)
05-02 23:28:04.282  1832  4989 W ActivityTaskManager:   Force finishing activity com.prirai.android.nira/.BrowserActivity
05-02 23:28:04.288  2276  2307 V WindowManagerShell: Transition requested (#1620): android.os.BinderProxy@6e98003 TransitionRequestInfo { type = CLOSE, triggerTask = TaskInfo{userId=0 taskId=4731 effectiveUid=10437 displayId=0 isRunning=true baseIntent=Intent { act=android.intent.action.MAIN cat=[android.intent.category.LAUNCHER] flg=0x10200000 pkg=com.prirai.android.nira cmp=com.prirai.android.nira/.BrowserActivity } baseActivity=ComponentInfo{com.prirai.android.nira/com.prirai.android.nira.BrowserActivity} topActivity=ComponentInfo{com.prirai.android.nira/com.prirai.android.nira.BrowserActivity} origActivity=null realActivity=ComponentInfo{com.prirai.android.nira/com.prirai.android.nira.BrowserActivity} realActivityIsAppLockEnabled=false numActivities=1 lastActiveTime=83123195 supportsMultiWindow=true resizeMode=2 isResizeable=true minWidth=-1 minHeight=-1 defaultMinSize=220 token=WCT{android.os.BinderProxy@93c9a8e} topActivityType=1 pictureInPictureParams=null shouldDockBigOverlays=false launchIntoPipHostTaskId=-1 lastParentTaskIdBeforePip=-1 displayCutoutSafeInsets=Rect(0, 0 - 0, 0) topActivityInfo=ActivityInfo{bbe9b80 com.prirai.android.nira.BrowserActivity} launchCookies=[android.os.BinderProxy@c8ce6bc] positionInParent=Point(0, 0) parentTaskId=-1 isFocused=true isVisible=true isVisibleRequested=true isTopActivityNoDisplay=false isSleeping=false locusId=null displayAreaFeatureId=1 isTopActivityTransparent=false isActivityStackTransparent=false lastNonFullscreenBounds=Rect(276, 696 - 805, 1776) leafTaskBoundsFromOptions= false capturedLink=null capturedLinkTimestamp=0 requestedVisibleTypes=503 topActivityRequestOpenInBrowserEducationTimestamp=0 appCompatTaskInfo=AppCompatTaskInfo { topActivityInSizeCompat=false isLeafTask= true eligibleForLetterboxEducation= false isLetterboxEducationEnabled= false isLetterboxDoubleTapEnabled= false eligibleForUserAspectRatioButton= false topActivityBoundsLetterboxed= false isFromLetterboxDoubleTap= false topActivityLetterboxVerticalPosition= -1 topActivityLetterboxHorizontalPosition= -1 topActivityLetterboxWidth=-1 topActivityLetterboxHeight=-1 topActivityAppBounds=Rect(0, 0 - 1080, 2400) isUserFullscreenOverrideEnabled=false isSystemFullscreenOverrideEnabled=false hasMinAspectRatioOverride=false topActivityLetterboxBounds=null topNonResizableActivityAspectRatio=-1.0} topActivityMainWindowFrame=null isAppBubble=false}, pipChange = null, remoteTransitionInfo = null, displayChange = null, requestedLocation = null, userChange = null, windowingLayerChange = null, fullscreenRequestChange = null, flags = 16, debugId = 1620 }
05-02 23:28:04.396  1832  5243 I ActivityManager: Process com.prirai.android.nira (pid 23265) has died: fg  TOP 
05-02 23:28:04.396  1832  6174 I WindowManager: WIN DEATH: Window{5623c7c u0 com.prirai.android.nira/com.prirai.android.nira.BrowserActivity}
05-02 23:28:04.396  1832  3388 I ImeTracker: com.prirai.android.nira:ceda8f0e: onRequestHide at ORIGIN_SERVER reason HIDE_REMOVE_CLIENT fromUser false userId 0 displayId 0
05-02 23:28:04.396  1832  3388 I ImeTracker: com.prirai.android.nira:ceda8f0e: onCancelled at PHASE_SERVER_SHOULD_HIDE
05-02 23:28:04.400  1832  5243 W ActivityManager: Exception when unbinding service com.prirai.android.nira/org.mozilla.gecko.process.GeckoChildProcessServices$tab23
05-02 23:28:04.401  1832  5243 W ActivityManager: Exception when unbinding service com.prirai.android.nira/org.mozilla.gecko.process.GeckoChildProcessServices$tab8
05-02 23:28:04.401  1832  5243 W ActivityManager: Exception when unbinding service com.prirai.android.nira/org.mozilla.gecko.process.GeckoChildProcessServices$tab25
05-02 23:28:04.402  1832  5243 W ActivityManager: Exception when unbinding service com.prirai.android.nira/org.mozilla.gecko.process.GeckoChildProcessServices$gpu
05-02 23:28:04.402  1832  5243 W ActivityManager: Scheduling restart of crashed service com.prirai.android.nira/.customtabs.CustomTabsService in 3600000ms for connection
05-02 23:28:04.439  1832  3382 I ActivityManager: Process com.prirai.android.nira:tab23 (pid 23613) has died: cch CACC
05-02 23:28:04.447  1832  1894 V WindowManager: Sent Transition (#1620) createdAt=05-02 23:28:04.282 via request=TransitionRequestInfo { type = CLOSE, triggerTask = TaskInfo{userId=0 taskId=4731 effectiveUid=10437 displayId=0 isRunning=true baseIntent=Intent { act=android.intent.action.MAIN cat=[android.intent.category.LAUNCHER] flg=0x10200000 pkg=com.prirai.android.nira cmp=com.prirai.android.nira/.BrowserActivity } baseActivity=ComponentInfo{com.prirai.android.nira/com.prirai.android.nira.BrowserActivity} topActivity=ComponentInfo{com.prirai.android.nira/com.prirai.android.nira.BrowserActivity} origActivity=null realActivity=ComponentInfo{com.prirai.android.nira/com.prirai.android.nira.BrowserActivity} realActivityIsAppLockEnabled=false numActivities=1 lastActiveTime=83123195 supportsMultiWindow=true resizeMode=2 isResizeable=true minWidth=-1 minHeight=-1 defaultMinSize=220 token=WCT{RemoteToken{5e2bc0 Task{4c2e3af #4731 type=standard A=10437:com.prirai.android.nira}}} topActivityType=1 pictureInPictureParams=null shouldDockBigOverlays=false launchIntoPipHostTaskId=-1 lastParentTaskIdBeforePip=-1 displayCutoutSafeInsets=Rect(0, 0 - 0, 0) topActivityInfo=ActivityInfo{fed50f9 com.prirai.android.nira.BrowserActivity} launchCookies=[android.os.BinderProxy@4d883e] positionInParent=Point(0, 0) parentTaskId=-1 isFocused=true isVisible=true isVisibleRequested=true isTopActivityNoDisplay=false isSleeping=false locusId=null displayAreaFeatureId=1 isTopActivityTransparent=false isActivityStackTransparent=false lastNonFullscreenBounds=Rect(276, 696 - 805